2025-12-07 18:14:00 | WARN | repo=openwrt | action=commit
2025-07-06 19:16:00 | INFO | repo=openwrt | action=pull
2025-11-13 12:13:00 | INFO | repo=openwrt | action=pull
2025-12-26 09:44:00 | DEBUG | repo=openwrt | action=commit
2025-10-01 16:36:00 | WARN | repo=openwrt | action=commit
2025-09-24 11:14:00 | DEBUG | repo=openwrt | action=pull
2025-08-28 07:37:00 | INFO | repo=openwrt | action=pull
2025-10-25 17:18:00 | INFO | repo=openwrt | action=edit | files=3
2025-06-12 13:57:00 | WARN | repo=openwrt | action=commit
2025-11-15 12:53:00 | INFO | repo=openwrt | action=test | passed=true
2025-08-08 17:25:00 | WARN | repo=openwrt | action=commit
2025-10-15 11:31:00 | DEBUG | repo=openwrt | action=edit | files=4
2025-02-25 07:46:00 | DEBUG | repo=openwrt | action=commit
2025-04-22 08:58:00 | WARN | repo=openwrt | action=commit
2025-08-16 07:46:00 | DEBUG | repo=openwrt | action=pull
2025-01-22 18:43:00 | INFO | repo=openwrt | action=commit
2025-02-03 10:29:00 | WARN | repo=openwrt | action=edit | files=3
2025-08-08 17:30:00 | WARN | repo=openwrt | action=commit
2025-09-02 12:52:00 | WARN | repo=openwrt | action=pull
2025-10-17 12:45:00 | INFO | repo=openwrt | action=commit
2025-01-21 10:06:00 | DEBUG | repo=openwrt | action=commit
2025-08-21 16:42:00 | WARN | repo=openwrt | action=commit
2025-04-22 15:10:00 | DEBUG | repo=openwrt | action=commit
2025-03-15 15:19:00 | DEBUG | repo=openwrt | action=edit | files=4
2025-08-19 08:52:00 | INFO | repo=openwrt | action=pull
2025-05-09 14:56:00 | INFO | repo=openwrt | action=test | passed=true
2025-03-21 07:28:00 | DEBUG | repo=openwrt | action=commit
2025-04-19 18:29:00 | DEBUG | repo=openwrt | action=edit | files=4
2025-06-04 20:19:00 | WARN | repo=openwrt | action=commit
2025-06-27 12:25:00 | WARN | repo=openwrt | action=commit
2025-12-22 07:35:00 | DEBUG | repo=openwrt | action=edit | files=1
2025-10-28 21:10:00 | DEBUG | repo=openwrt | action=commit
2025-02-27 16:47:00 | DEBUG | repo=openwrt | action=commit
2025-02-26 12:22:00 | DEBUG | repo=openwrt | action=commit
2025-08-17 11:10:00 | WARN | repo=openwrt | action=commit
